<?xml version="1.0" encoding="UTF-8"?>
<!-- Generated by org.testng.reporters.JUnitReportReporter -->
<testsuite hostname="DESKTOP-LL6LVPQ" failures="0" tests="1" name="com.wipro.selenium_maven.Globalsqa" time="48.303" errors="0" timestamp="2025-03-12T14:01:23 IST" skipped="0">
  <testcase classname="com.wipro.selenium_maven.Globalsqa" name="slido" time="48.303"/>
  <system-out/>
</testsuite> <!-- com.wipro.selenium_maven.Globalsqa -->
