<?xml version="1.0" encoding="UTF-8"?>
<!-- Generated by org.testng.reporters.JUnitReportReporter -->
<testsuite hostname="DESKTOP-LL6LVPQ" failures="0" tests="1" name="com.wipro.selenium_maven.Globalsqa" time="49.613" errors="0" timestamp="2025-03-12T15:54:51 IST" skipped="0">
  <testcase classname="com.wipro.selenium_maven.Globalsqa" name="slido" time="49.613"/>
  <system-out/>
</testsuite> <!-- com.wipro.selenium_maven.Globalsqa -->
